
=PROGRESS REPORT==== 7-Dec-2013::17:15:29 ===
          supervisor: {local,sasl_safe_sup}
             started: [{pid,<0.44.0>},
                       {name,alarm_handler},
                       {mfargs,{alarm_handler,start_link,[]}},
                       {restart_type,permanent},
                       {shutdown,2000},
                       {child_type,worker}]

=PROGRESS REPORT==== 7-Dec-2013::17:15:29 ===
          supervisor: {local,sasl_safe_sup}
             started: [{pid,<0.45.0>},
                       {name,overload},
                       {mfargs,{overload,start_link,[]}},
                       {restart_type,permanent},
                       {shutdown,2000},
                       {child_type,worker}]

=PROGRESS REPORT==== 7-Dec-2013::17:15:29 ===
          supervisor: {local,sasl_sup}
             started: [{pid,<0.43.0>},
                       {name,sasl_safe_sup},
                       {mfargs,
                           {supervisor,start_link,
                               [{local,sasl_safe_sup},sasl,safe]}},
                       {restart_type,permanent},
                       {shutdown,infinity},
                       {child_type,supervisor}]

=PROGRESS REPORT==== 7-Dec-2013::17:15:29 ===
          supervisor: {local,sasl_sup}
             started: [{pid,<0.46.0>},
                       {name,release_handler},
                       {mfargs,{release_handler,start_link,[]}},
                       {restart_type,permanent},
                       {shutdown,2000},
                       {child_type,worker}]

=PROGRESS REPORT==== 7-Dec-2013::17:15:29 ===
         application: sasl
          started_at: 'node2@hejintekiMacBook-Air'

=PROGRESS REPORT==== 7-Dec-2013::17:15:30 ===
          supervisor: {local,crypto_sup}
             started: [{pid,<0.56.0>},
                       {name,crypto_server},
                       {mfargs,{crypto_server,start_link,[]}},
                       {restart_type,permanent},
                       {shutdown,2000},
                       {child_type,worker}]

=PROGRESS REPORT==== 7-Dec-2013::17:15:30 ===
         application: crypto
          started_at: 'node2@hejintekiMacBook-Air'

=PROGRESS REPORT==== 7-Dec-2013::17:15:30 ===
          supervisor: {local,lager_sup}
             started: [{pid,<0.61.0>},
                       {name,lager},
                       {mfargs,{gen_event,start_link,[{local,lager_event}]}},
                       {restart_type,permanent},
                       {shutdown,5000},
                       {child_type,worker}]

=PROGRESS REPORT==== 7-Dec-2013::17:15:30 ===
          supervisor: {local,lager_sup}
             started: [{pid,<0.62.0>},
                       {name,lager_handler_watcher_sup},
                       {mfargs,{lager_handler_watcher_sup,start_link,[]}},
                       {restart_type,permanent},
                       {shutdown,5000},
                       {child_type,supervisor}]

=PROGRESS REPORT==== 7-Dec-2013::17:15:30 ===
          supervisor: {local,lager_sup}
             started: [{pid,<0.63.0>},
                       {name,lager_crash_log},
                       {mfargs,
                           {lager_crash_log,start_link,
                               ["log/extend104_crash.log",65536,10485760,
                                [{hour,0}],
                                5]}},
                       {restart_type,permanent},
                       {shutdown,5000},
                       {child_type,worker}]

=PROGRESS REPORT==== 7-Dec-2013::17:15:30 ===
         application: lager
          started_at: 'node2@hejintekiMacBook-Air'

=PROGRESS REPORT==== 7-Dec-2013::17:15:30 ===
          supervisor: {local,amqp_client_sup}
             started: [{pid,<0.78.0>},
                       {name,amqp_sup},
                       {mfargs,{amqp_sup,start_link,[]}},
                       {restart_type,permanent},
                       {shutdown,infinity},
                       {child_type,supervisor}]

=PROGRESS REPORT==== 7-Dec-2013::17:15:30 ===
          supervisor: {local,amqp_client_sup}
             started: [{pid,<0.79.0>},
                       {name,amqp},
                       {mfargs,{amqp,start_link,[[{interval,30}]]}},
                       {restart_type,permanent},
                       {shutdown,5000},
                       {child_type,worker}]

=PROGRESS REPORT==== 7-Dec-2013::17:15:30 ===
         application: amqp_client
          started_at: 'node2@hejintekiMacBook-Air'

=PROGRESS REPORT==== 7-Dec-2013::17:15:30 ===
          supervisor: {local,ranch_sup}
             started: [{pid,<0.84.0>},
                       {name,ranch_server},
                       {mfargs,{ranch_server,start_link,[]}},
                       {restart_type,permanent},
                       {shutdown,5000},
                       {child_type,worker}]

=PROGRESS REPORT==== 7-Dec-2013::17:15:30 ===
         application: ranch
          started_at: 'node2@hejintekiMacBook-Air'

=PROGRESS REPORT==== 7-Dec-2013::17:15:30 ===
         application: cowlib
          started_at: 'node2@hejintekiMacBook-Air'

=PROGRESS REPORT==== 7-Dec-2013::17:15:30 ===
          supervisor: {local,cowboy_sup}
             started: [{pid,<0.90.0>},
                       {name,cowboy_clock},
                       {mfargs,{cowboy_clock,start_link,[]}},
                       {restart_type,permanent},
                       {shutdown,5000},
                       {child_type,worker}]

=PROGRESS REPORT==== 7-Dec-2013::17:15:30 ===
         application: cowboy
          started_at: 'node2@hejintekiMacBook-Air'

=PROGRESS REPORT==== 7-Dec-2013::17:15:30 ===
          supervisor: {<0.95.0>,ranch_listener_sup}
             started: [{pid,<0.96.0>},
                       {name,ranch_conns_sup},
                       {mfargs,
                           {ranch_conns_sup,start_link,
                               [extend104_httpd,worker,ranch_tcp,
                                cowboy_protocol]}},
                       {restart_type,permanent},
                       {shutdown,infinity},
                       {child_type,supervisor}]

=CRASH REPORT==== 7-Dec-2013::17:15:30 ===
  crasher:
    initial call: supervisor:ranch_acceptors_sup/1
    pid: <0.97.0>
    registered_name: []
    exception exit: {{badmatch,{error,eaddrinuse}},
                     [{ranch_acceptors_sup,init,1,
                          [{file,"src/ranch_acceptors_sup.erl"},{line,38}]},
                      {supervisor,init,1,[{file,"supervisor.erl"},{line,239}]},
                      {gen_server,init_it,6,
                          [{file,"gen_server.erl"},{line,304}]},
                      {proc_lib,init_p_do_apply,3,
                          [{file,"proc_lib.erl"},{line,239}]}]}
      in function  gen_server:init_it/6 (gen_server.erl, line 328)
    ancestors: [<0.95.0>,ranch_sup,<0.82.0>]
    messages: []
    links: [<0.95.0>]
    dictionary: []
    trap_exit: true
    status: running
    heap_size: 610
    stack_size: 27
    reductions: 485
  neighbours:

=SUPERVISOR REPORT==== 7-Dec-2013::17:15:30 ===
     Supervisor: {<0.95.0>,ranch_listener_sup}
     Context:    start_error
     Reason:     {{badmatch,{error,eaddrinuse}},
                  [{ranch_acceptors_sup,init,1,
                       [{file,"src/ranch_acceptors_sup.erl"},{line,38}]},
                   {supervisor,init,1,[{file,"supervisor.erl"},{line,239}]},
                   {gen_server,init_it,6,[{file,"gen_server.erl"},{line,304}]},
                   {proc_lib,init_p_do_apply,3,
                       [{file,"proc_lib.erl"},{line,239}]}]}
     Offender:   [{pid,undefined},
                  {name,ranch_acceptors_sup},
                  {mfargs,
                      {ranch_acceptors_sup,start_link,
                          [extend104_httpd,100,ranch_tcp,[{port,8080}]]}},
                  {restart_type,permanent},
                  {shutdown,infinity},
                  {child_type,supervisor}]


=PROGRESS REPORT==== 7-Dec-2013::17:15:30 ===
          supervisor: {local,extend104_sup}
             started: [{pid,<0.98.0>},
                       {name,extend104_connection_sup},
                       {mfargs,{extend104_connection_sup,start_link,[]}},
                       {restart_type,temporary},
                       {shutdown,infinity},
                       {child_type,supervisor}]

=PROGRESS REPORT==== 7-Dec-2013::17:15:30 ===
          supervisor: {<0.100.0>,amqp_connection_sup}
             started: [{pid,<0.101.0>},
                       {name,connection},
                       {mfa,
                           {amqp_gen_connection,start_link,
                               [amqp_network_connection,
                                {amqp_params_network,<<"extend104">>,
                                    <<"public">>,<<"/extend104">>,"localhost",
                                    5672,0,0,0,infinity,none,
                                    [#Fun<amqp_auth_mechanisms.plain.3>,
                                     #Fun<amqp_auth_mechanisms.amqplain.3>],
                                    [],[]},
                                #Fun<amqp_connection_sup.0.47801041>,
                                #Fun<amqp_connection_sup.2.47801041>,[]]}},
                       {restart_type,intrinsic},
                       {shutdown,brutal_kill},
                       {child_type,worker}]

=PROGRESS REPORT==== 7-Dec-2013::17:15:30 ===
          supervisor: {<0.100.0>,amqp_connection_sup}
             started: [{pid,<0.102.0>},
                       {name,channel_sup_sup},
                       {mfa,
                           {amqp_channel_sup_sup,start_link,
                               [network,<0.101.0>]}},
                       {restart_type,intrinsic},
                       {shutdown,infinity},
                       {child_type,supervisor}]

=PROGRESS REPORT==== 7-Dec-2013::17:15:30 ===
          supervisor: {<0.100.0>,amqp_connection_sup}
             started: [{pid,<0.103.0>},
                       {name,channels_manager},
                       {mfa,
                           {amqp_channels_manager,start_link,
                               [<0.101.0>,<0.102.0>]}},
                       {restart_type,transient},
                       {shutdown,4294967295},
                       {child_type,worker}]

=PROGRESS REPORT==== 7-Dec-2013::17:15:30 ===
          supervisor: {local,inet_gethost_native_sup}
             started: [{pid,<0.105.0>},{mfa,{inet_gethost_native,init,[[]]}}]

=PROGRESS REPORT==== 7-Dec-2013::17:15:30 ===
          supervisor: {local,kernel_safe_sup}
             started: [{pid,<0.104.0>},
                       {name,inet_gethost_native_sup},
                       {mfargs,{inet_gethost_native,start_link,[]}},
                       {restart_type,temporary},
                       {shutdown,1000},
                       {child_type,worker}]

=PROGRESS REPORT==== 7-Dec-2013::17:15:30 ===
          supervisor: {<0.106.0>,amqp_connection_type_sup}
             started: [{pid,<0.107.0>},
                       {name,writer},
                       {mfa,
                           {rabbit_writer,start_link,
                               [#Port<0.4744>,0,4096,
                                rabbit_framing_amqp_0_9_1,<0.101.0>]}},
                       {restart_type,transient},
                       {shutdown,4294967295},
                       {child_type,worker}]

=PROGRESS REPORT==== 7-Dec-2013::17:15:30 ===
          supervisor: {<0.106.0>,amqp_connection_type_sup}
             started: [{pid,<0.108.0>},
                       {name,main_reader},
                       {mfa,
                           {amqp_main_reader,start_link,
                               [#Port<0.4744>,<0.101.0>,<0.103.0>,
                                {method,rabbit_framing_amqp_0_9_1}]}},
                       {restart_type,transient},
                       {shutdown,4294967295},
                       {child_type,worker}]

=PROGRESS REPORT==== 7-Dec-2013::17:15:30 ===
          supervisor: {<0.100.0>,amqp_connection_sup}
             started: [{pid,<0.106.0>},
                       {name,connection_type_sup},
                       {mfa,
                           {amqp_connection_type_sup,start_link_network,
                               [#Port<0.4744>,<0.101.0>,<0.103.0>]}},
                       {restart_type,transient},
                       {shutdown,infinity},
                       {child_type,supervisor}]

=PROGRESS REPORT==== 7-Dec-2013::17:15:30 ===
          supervisor: {<0.106.0>,amqp_connection_type_sup}
             started: [{pid,<0.109.0>},
                       {name,heartbeat_sender},
                       {mfa,
                           {rabbit_heartbeat,start_heartbeat_sender,
                               [#Port<0.4744>,600,
                                #Fun<amqp_network_connection.1.21872369>]}},
                       {restart_type,transient},
                       {shutdown,4294967295},
                       {child_type,worker}]

=PROGRESS REPORT==== 7-Dec-2013::17:15:30 ===
          supervisor: {<0.106.0>,amqp_connection_type_sup}
             started: [{pid,<0.110.0>},
                       {name,heartbeat_receiver},
                       {mfa,
                           {rabbit_heartbeat,start_heartbeat_receiver,
                               [#Port<0.4744>,600,
                                #Fun<amqp_network_connection.2.21872369>]}},
                       {restart_type,transient},
                       {shutdown,4294967295},
                       {child_type,worker}]

=PROGRESS REPORT==== 7-Dec-2013::17:15:30 ===
          supervisor: {<0.111.0>,amqp_channel_sup}
             started: [{pid,<0.112.0>},
                       {name,gen_consumer},
                       {mfa,
                           {amqp_gen_consumer,start_link,
                               [amqp_selective_consumer,[]]}},
                       {restart_type,intrinsic},
                       {shutdown,4294967295},
                       {child_type,worker}]

=PROGRESS REPORT==== 7-Dec-2013::17:15:30 ===
          supervisor: {<0.111.0>,amqp_channel_sup}
             started: [{pid,<0.113.0>},
                       {name,channel},
                       {mfa,
                           {amqp_channel,start_link,
                               [network,<0.101.0>,1,<0.112.0>,
                                #Fun<amqp_channel_sup.1.69106353>]}},
                       {restart_type,intrinsic},
                       {shutdown,4294967295},
                       {child_type,worker}]

=PROGRESS REPORT==== 7-Dec-2013::17:15:30 ===
          supervisor: {<0.111.0>,amqp_channel_sup}
             started: [{pid,<0.114.0>},
                       {name,writer},
                       {mfa,
                           {rabbit_writer,start_link,
                               [#Port<0.4744>,1,4096,
                                rabbit_framing_amqp_0_9_1,<0.113.0>]}},
                       {restart_type,intrinsic},
                       {shutdown,4294967295},
                       {child_type,worker}]

=PROGRESS REPORT==== 7-Dec-2013::17:15:30 ===
          supervisor: {local,extend104_sup}
             started: [{pid,<0.99.0>},
                       {name,extend104},
                       {mfargs,{extend104,start_link,["common",<0.98.0>]}},
                       {restart_type,permanent},
                       {shutdown,10},
                       {child_type,worker}]

=PROGRESS REPORT==== 7-Dec-2013::17:15:30 ===
          supervisor: {<0.117.0>,amqp_connection_sup}
             started: [{pid,<0.118.0>},
                       {name,connection},
                       {mfa,
                           {amqp_gen_connection,start_link,
                               [amqp_network_connection,
                                {amqp_params_network,<<"extend104">>,
                                    <<"public">>,<<"/extend104">>,"localhost",
                                    5672,0,0,0,infinity,none,
                                    [#Fun<amqp_auth_mechanisms.plain.3>,
                                     #Fun<amqp_auth_mechanisms.amqplain.3>],
                                    [],[]},
                                #Fun<amqp_connection_sup.0.47801041>,
                                #Fun<amqp_connection_sup.2.47801041>,[]]}},
                       {restart_type,intrinsic},
                       {shutdown,brutal_kill},
                       {child_type,worker}]

=PROGRESS REPORT==== 7-Dec-2013::17:15:30 ===
          supervisor: {<0.117.0>,amqp_connection_sup}
             started: [{pid,<0.119.0>},
                       {name,channel_sup_sup},
                       {mfa,
                           {amqp_channel_sup_sup,start_link,
                               [network,<0.118.0>]}},
                       {restart_type,intrinsic},
                       {shutdown,infinity},
                       {child_type,supervisor}]

=PROGRESS REPORT==== 7-Dec-2013::17:15:30 ===
          supervisor: {<0.117.0>,amqp_connection_sup}
             started: [{pid,<0.120.0>},
                       {name,channels_manager},
                       {mfa,
                           {amqp_channels_manager,start_link,
                               [<0.118.0>,<0.119.0>]}},
                       {restart_type,transient},
                       {shutdown,4294967295},
                       {child_type,worker}]

=PROGRESS REPORT==== 7-Dec-2013::17:15:30 ===
          supervisor: {<0.121.0>,amqp_connection_type_sup}
             started: [{pid,<0.122.0>},
                       {name,writer},
                       {mfa,
                           {rabbit_writer,start_link,
                               [#Port<0.5128>,0,4096,
                                rabbit_framing_amqp_0_9_1,<0.118.0>]}},
                       {restart_type,transient},
                       {shutdown,4294967295},
                       {child_type,worker}]

=PROGRESS REPORT==== 7-Dec-2013::17:15:30 ===
          supervisor: {<0.121.0>,amqp_connection_type_sup}
             started: [{pid,<0.123.0>},
                       {name,main_reader},
                       {mfa,
                           {amqp_main_reader,start_link,
                               [#Port<0.5128>,<0.118.0>,<0.120.0>,
                                {method,rabbit_framing_amqp_0_9_1}]}},
                       {restart_type,transient},
                       {shutdown,4294967295},
                       {child_type,worker}]

=PROGRESS REPORT==== 7-Dec-2013::17:15:30 ===
          supervisor: {<0.117.0>,amqp_connection_sup}
             started: [{pid,<0.121.0>},
                       {name,connection_type_sup},
                       {mfa,
                           {amqp_connection_type_sup,start_link_network,
                               [#Port<0.5128>,<0.118.0>,<0.120.0>]}},
                       {restart_type,transient},
                       {shutdown,infinity},
                       {child_type,supervisor}]

=PROGRESS REPORT==== 7-Dec-2013::17:15:30 ===
          supervisor: {<0.121.0>,amqp_connection_type_sup}
             started: [{pid,<0.124.0>},
                       {name,heartbeat_sender},
                       {mfa,
                           {rabbit_heartbeat,start_heartbeat_sender,
                               [#Port<0.5128>,600,
                                #Fun<amqp_network_connection.1.21872369>]}},
                       {restart_type,transient},
                       {shutdown,4294967295},
                       {child_type,worker}]

=PROGRESS REPORT==== 7-Dec-2013::17:15:30 ===
          supervisor: {<0.121.0>,amqp_connection_type_sup}
             started: [{pid,<0.125.0>},
                       {name,heartbeat_receiver},
                       {mfa,
                           {rabbit_heartbeat,start_heartbeat_receiver,
                               [#Port<0.5128>,600,
                                #Fun<amqp_network_connection.2.21872369>]}},
                       {restart_type,transient},
                       {shutdown,4294967295},
                       {child_type,worker}]

=PROGRESS REPORT==== 7-Dec-2013::17:15:30 ===
          supervisor: {<0.126.0>,amqp_channel_sup}
             started: [{pid,<0.127.0>},
                       {name,gen_consumer},
                       {mfa,
                           {amqp_gen_consumer,start_link,
                               [amqp_selective_consumer,[]]}},
                       {restart_type,intrinsic},
                       {shutdown,4294967295},
                       {child_type,worker}]

=PROGRESS REPORT==== 7-Dec-2013::17:15:30 ===
          supervisor: {<0.126.0>,amqp_channel_sup}
             started: [{pid,<0.128.0>},
                       {name,channel},
                       {mfa,
                           {amqp_channel,start_link,
                               [network,<0.118.0>,1,<0.127.0>,
                                #Fun<amqp_channel_sup.1.69106353>]}},
                       {restart_type,intrinsic},
                       {shutdown,4294967295},
                       {child_type,worker}]

=PROGRESS REPORT==== 7-Dec-2013::17:15:30 ===
          supervisor: {<0.126.0>,amqp_channel_sup}
             started: [{pid,<0.129.0>},
                       {name,writer},
                       {mfa,
                           {rabbit_writer,start_link,
                               [#Port<0.5128>,1,4096,
                                rabbit_framing_amqp_0_9_1,<0.128.0>]}},
                       {restart_type,intrinsic},
                       {shutdown,4294967295},
                       {child_type,worker}]

=PROGRESS REPORT==== 7-Dec-2013::17:15:30 ===
          supervisor: {local,extend104_sup}
             started: [{pid,<0.116.0>},
                       {name,extend104_monitor},
                       {mfargs,{extend104_monitor,start_link,["common"]}},
                       {restart_type,permanent},
                       {shutdown,10},
                       {child_type,worker}]

=PROGRESS REPORT==== 7-Dec-2013::17:15:30 ===
         application: extend104
          started_at: 'node2@hejintekiMacBook-Air'
