
=PROGRESS REPORT==== 7-Dec-2013::13:15:16 ===
          supervisor: {local,sasl_safe_sup}
             started: [{pid,<0.44.0>},
                       {name,alarm_handler},
                       {mfargs,{alarm_handler,start_link,[]}},
                       {restart_type,permanent},
                       {shutdown,2000},
                       {child_type,worker}]

=PROGRESS REPORT==== 7-Dec-2013::13:15:16 ===
          supervisor: {local,sasl_safe_sup}
             started: [{pid,<0.45.0>},
                       {name,overload},
                       {mfargs,{overload,start_link,[]}},
                       {restart_type,permanent},
                       {shutdown,2000},
                       {child_type,worker}]

=PROGRESS REPORT==== 7-Dec-2013::13:15:16 ===
          supervisor: {local,sasl_sup}
             started: [{pid,<0.43.0>},
                       {name,sasl_safe_sup},
                       {mfargs,
                           {supervisor,start_link,
                               [{local,sasl_safe_sup},sasl,safe]}},
                       {restart_type,permanent},
                       {shutdown,infinity},
                       {child_type,supervisor}]

=PROGRESS REPORT==== 7-Dec-2013::13:15:16 ===
          supervisor: {local,sasl_sup}
             started: [{pid,<0.46.0>},
                       {name,release_handler},
                       {mfargs,{release_handler,start_link,[]}},
                       {restart_type,permanent},
                       {shutdown,2000},
                       {child_type,worker}]

=PROGRESS REPORT==== 7-Dec-2013::13:15:16 ===
         application: sasl
          started_at: 'master@hejintekiMacBook-Air'

=PROGRESS REPORT==== 7-Dec-2013::13:15:16 ===
          supervisor: {local,crypto_sup}
             started: [{pid,<0.56.0>},
                       {name,crypto_server},
                       {mfargs,{crypto_server,start_link,[]}},
                       {restart_type,permanent},
                       {shutdown,2000},
                       {child_type,worker}]

=PROGRESS REPORT==== 7-Dec-2013::13:15:16 ===
         application: crypto
          started_at: 'master@hejintekiMacBook-Air'

=PROGRESS REPORT==== 7-Dec-2013::13:15:16 ===
          supervisor: {local,mnesia_sup}
             started: [{pid,<0.61.0>},
                       {name,mnesia_event},
                       {mfargs,{mnesia_sup,start_event,[]}},
                       {restart_type,permanent},
                       {shutdown,30000},
                       {child_type,worker}]

=PROGRESS REPORT==== 7-Dec-2013::13:15:16 ===
          supervisor: {local,mnesia_kernel_sup}
             started: [{pid,<0.63.0>},
                       {name,mnesia_monitor},
                       {mfargs,{mnesia_monitor,start,[]}},
                       {restart_type,permanent},
                       {shutdown,3000},
                       {child_type,worker}]

=PROGRESS REPORT==== 7-Dec-2013::13:15:16 ===
          supervisor: {local,mnesia_kernel_sup}
             started: [{pid,<0.64.0>},
                       {name,mnesia_subscr},
                       {mfargs,{mnesia_subscr,start,[]}},
                       {restart_type,permanent},
                       {shutdown,3000},
                       {child_type,worker}]

=PROGRESS REPORT==== 7-Dec-2013::13:15:16 ===
          supervisor: {local,mnesia_kernel_sup}
             started: [{pid,<0.65.0>},
                       {name,mnesia_locker},
                       {mfargs,{mnesia_locker,start,[]}},
                       {restart_type,permanent},
                       {shutdown,3000},
                       {child_type,worker}]

=PROGRESS REPORT==== 7-Dec-2013::13:15:16 ===
          supervisor: {local,mnesia_kernel_sup}
             started: [{pid,<0.66.0>},
                       {name,mnesia_recover},
                       {mfargs,{mnesia_recover,start,[]}},
                       {restart_type,permanent},
                       {shutdown,180000},
                       {child_type,worker}]

=PROGRESS REPORT==== 7-Dec-2013::13:15:16 ===
          supervisor: {local,mnesia_kernel_sup}
             started: [{pid,<0.67.0>},
                       {name,mnesia_tm},
                       {mfargs,{mnesia_tm,start,[]}},
                       {restart_type,permanent},
                       {shutdown,30000},
                       {child_type,worker}]

=PROGRESS REPORT==== 7-Dec-2013::13:15:16 ===
          supervisor: {local,mnesia_kernel_sup}
             started: [{pid,<0.68.0>},
                       {name,mnesia_checkpoint_sup},
                       {mfargs,{mnesia_checkpoint_sup,start,[]}},
                       {restart_type,permanent},
                       {shutdown,infinity},
                       {child_type,supervisor}]

=PROGRESS REPORT==== 7-Dec-2013::13:15:16 ===
          supervisor: {local,mnesia_kernel_sup}
             started: [{pid,<0.69.0>},
                       {name,mnesia_snmp_sup},
                       {mfargs,{mnesia_snmp_sup,start,[]}},
                       {restart_type,permanent},
                       {shutdown,infinity},
                       {child_type,supervisor}]

=PROGRESS REPORT==== 7-Dec-2013::13:15:16 ===
          supervisor: {local,mnesia_kernel_sup}
             started: [{pid,<0.70.0>},
                       {name,mnesia_controller},
                       {mfargs,{mnesia_controller,start,[]}},
                       {restart_type,permanent},
                       {shutdown,3000},
                       {child_type,worker}]

=PROGRESS REPORT==== 7-Dec-2013::13:15:16 ===
          supervisor: {local,mnesia_kernel_sup}
             started: [{pid,<0.71.0>},
                       {name,mnesia_late_loader},
                       {mfargs,{mnesia_late_loader,start,[]}},
                       {restart_type,permanent},
                       {shutdown,3000},
                       {child_type,worker}]

=PROGRESS REPORT==== 7-Dec-2013::13:15:16 ===
          supervisor: {local,mnesia_sup}
             started: [{pid,<0.62.0>},
                       {name,mnesia_kernel_sup},
                       {mfargs,{mnesia_kernel_sup,start,[]}},
                       {restart_type,permanent},
                       {shutdown,infinity},
                       {child_type,supervisor}]

=PROGRESS REPORT==== 7-Dec-2013::13:15:16 ===
         application: mnesia
          started_at: 'master@hejintekiMacBook-Air'

=PROGRESS REPORT==== 7-Dec-2013::13:15:16 ===
          supervisor: {local,lager_sup}
             started: [{pid,<0.77.0>},
                       {name,lager},
                       {mfargs,{gen_event,start_link,[{local,lager_event}]}},
                       {restart_type,permanent},
                       {shutdown,5000},
                       {child_type,worker}]

=PROGRESS REPORT==== 7-Dec-2013::13:15:16 ===
          supervisor: {local,lager_sup}
             started: [{pid,<0.78.0>},
                       {name,lager_handler_watcher_sup},
                       {mfargs,{lager_handler_watcher_sup,start_link,[]}},
                       {restart_type,permanent},
                       {shutdown,5000},
                       {child_type,supervisor}]

=PROGRESS REPORT==== 7-Dec-2013::13:15:16 ===
          supervisor: {local,lager_sup}
             started: [{pid,<0.79.0>},
                       {name,lager_crash_log},
                       {mfargs,
                           {lager_crash_log,start_link,
                               ["log/master_crash.log",65536,10485760,
                                [{hour,0}],
                                5]}},
                       {restart_type,permanent},
                       {shutdown,5000},
                       {child_type,worker}]

=PROGRESS REPORT==== 7-Dec-2013::13:15:17 ===
         application: lager
          started_at: 'master@hejintekiMacBook-Air'

=PROGRESS REPORT==== 7-Dec-2013::13:15:17 ===
          supervisor: {local,emysql_sup}
             started: [{pid,<0.94.0>},
                       {name,emysql},
                       {mfargs,{emysql,start_link,[1]}},
                       {restart_type,transient},
                       {shutdown,4294967295},
                       {child_type,worker}]

=PROGRESS REPORT==== 7-Dec-2013::13:15:17 ===
          supervisor: {local,inet_gethost_native_sup}
             started: [{pid,<0.98.0>},{mfa,{inet_gethost_native,init,[[]]}}]

=PROGRESS REPORT==== 7-Dec-2013::13:15:17 ===
          supervisor: {local,kernel_safe_sup}
             started: [{pid,<0.97.0>},
                       {name,inet_gethost_native_sup},
                       {mfargs,{inet_gethost_native,start_link,[]}},
                       {restart_type,temporary},
                       {shutdown,1000},
                       {child_type,worker}]

=PROGRESS REPORT==== 7-Dec-2013::13:15:17 ===
          supervisor: {local,emysql_sup}
             started: [{pid,<0.95.0>},
                       {name,1},
                       {mfargs,
                           {emysql_conn,start_link,
                               [1,
                                [{included_applications,[]},
                                 {port,3306},
                                 {host,"localhost"},
                                 {username,"root"},
                                 {password,"public"},
                                 {pool_size,1},
                                 {database,"extend104_new"},
                                 {encoding,utf8}]]}},
                       {restart_type,transient},
                       {shutdown,4294967295},
                       {child_type,worker}]

=PROGRESS REPORT==== 7-Dec-2013::13:15:17 ===
         application: emysql
          started_at: 'master@hejintekiMacBook-Air'

=PROGRESS REPORT==== 7-Dec-2013::13:15:17 ===
          supervisor: {local,amqp_client_sup}
             started: [{pid,<0.104.0>},
                       {name,amqp_sup},
                       {mfargs,{amqp_sup,start_link,[]}},
                       {restart_type,permanent},
                       {shutdown,infinity},
                       {child_type,supervisor}]

=PROGRESS REPORT==== 7-Dec-2013::13:15:17 ===
          supervisor: {local,amqp_client_sup}
             started: [{pid,<0.105.0>},
                       {name,amqp},
                       {mfargs,{amqp,start_link,[[{interval,30}]]}},
                       {restart_type,permanent},
                       {shutdown,5000},
                       {child_type,worker}]

=PROGRESS REPORT==== 7-Dec-2013::13:15:17 ===
         application: amqp_client
          started_at: 'master@hejintekiMacBook-Air'

=PROGRESS REPORT==== 7-Dec-2013::13:15:17 ===
          supervisor: {<0.111.0>,amqp_connection_sup}
             started: [{pid,<0.112.0>},
                       {name,connection},
                       {mfa,
                           {amqp_gen_connection,start_link,
                               [amqp_network_connection,
                                {amqp_params_network,<<"extend104">>,
                                    <<"public">>,<<"/extend104">>,"localhost",
                                    5672,0,0,0,infinity,none,
                                    [#Fun<amqp_auth_mechanisms.plain.3>,
                                     #Fun<amqp_auth_mechanisms.amqplain.3>],
                                    [],[]},
                                #Fun<amqp_connection_sup.0.47801041>,
                                #Fun<amqp_connection_sup.2.47801041>,[]]}},
                       {restart_type,intrinsic},
                       {shutdown,brutal_kill},
                       {child_type,worker}]

=PROGRESS REPORT==== 7-Dec-2013::13:15:17 ===
          supervisor: {<0.111.0>,amqp_connection_sup}
             started: [{pid,<0.113.0>},
                       {name,channel_sup_sup},
                       {mfa,
                           {amqp_channel_sup_sup,start_link,
                               [network,<0.112.0>]}},
                       {restart_type,intrinsic},
                       {shutdown,infinity},
                       {child_type,supervisor}]

=PROGRESS REPORT==== 7-Dec-2013::13:15:17 ===
          supervisor: {<0.111.0>,amqp_connection_sup}
             started: [{pid,<0.114.0>},
                       {name,channels_manager},
                       {mfa,
                           {amqp_channels_manager,start_link,
                               [<0.112.0>,<0.113.0>]}},
                       {restart_type,transient},
                       {shutdown,4294967295},
                       {child_type,worker}]

=PROGRESS REPORT==== 7-Dec-2013::13:15:17 ===
          supervisor: {<0.115.0>,amqp_connection_type_sup}
             started: [{pid,<0.116.0>},
                       {name,writer},
                       {mfa,
                           {rabbit_writer,start_link,
                               [#Port<0.5782>,0,4096,
                                rabbit_framing_amqp_0_9_1,<0.112.0>]}},
                       {restart_type,transient},
                       {shutdown,4294967295},
                       {child_type,worker}]

=PROGRESS REPORT==== 7-Dec-2013::13:15:17 ===
          supervisor: {<0.115.0>,amqp_connection_type_sup}
             started: [{pid,<0.117.0>},
                       {name,main_reader},
                       {mfa,
                           {amqp_main_reader,start_link,
                               [#Port<0.5782>,<0.112.0>,<0.114.0>,
                                {method,rabbit_framing_amqp_0_9_1}]}},
                       {restart_type,transient},
                       {shutdown,4294967295},
                       {child_type,worker}]

=PROGRESS REPORT==== 7-Dec-2013::13:15:17 ===
          supervisor: {<0.111.0>,amqp_connection_sup}
             started: [{pid,<0.115.0>},
                       {name,connection_type_sup},
                       {mfa,
                           {amqp_connection_type_sup,start_link_network,
                               [#Port<0.5782>,<0.112.0>,<0.114.0>]}},
                       {restart_type,transient},
                       {shutdown,infinity},
                       {child_type,supervisor}]

=PROGRESS REPORT==== 7-Dec-2013::13:15:17 ===
          supervisor: {<0.115.0>,amqp_connection_type_sup}
             started: [{pid,<0.118.0>},
                       {name,heartbeat_sender},
                       {mfa,
                           {rabbit_heartbeat,start_heartbeat_sender,
                               [#Port<0.5782>,600,
                                #Fun<amqp_network_connection.1.21872369>]}},
                       {restart_type,transient},
                       {shutdown,4294967295},
                       {child_type,worker}]

=PROGRESS REPORT==== 7-Dec-2013::13:15:17 ===
          supervisor: {<0.115.0>,amqp_connection_type_sup}
             started: [{pid,<0.119.0>},
                       {name,heartbeat_receiver},
                       {mfa,
                           {rabbit_heartbeat,start_heartbeat_receiver,
                               [#Port<0.5782>,600,
                                #Fun<amqp_network_connection.2.21872369>]}},
                       {restart_type,transient},
                       {shutdown,4294967295},
                       {child_type,worker}]

=PROGRESS REPORT==== 7-Dec-2013::13:15:17 ===
          supervisor: {<0.120.0>,amqp_channel_sup}
             started: [{pid,<0.121.0>},
                       {name,gen_consumer},
                       {mfa,
                           {amqp_gen_consumer,start_link,
                               [amqp_selective_consumer,[]]}},
                       {restart_type,intrinsic},
                       {shutdown,4294967295},
                       {child_type,worker}]

=PROGRESS REPORT==== 7-Dec-2013::13:15:17 ===
          supervisor: {<0.120.0>,amqp_channel_sup}
             started: [{pid,<0.122.0>},
                       {name,channel},
                       {mfa,
                           {amqp_channel,start_link,
                               [network,<0.112.0>,1,<0.121.0>,
                                #Fun<amqp_channel_sup.1.69106353>]}},
                       {restart_type,intrinsic},
                       {shutdown,4294967295},
                       {child_type,worker}]

=PROGRESS REPORT==== 7-Dec-2013::13:15:17 ===
          supervisor: {<0.120.0>,amqp_channel_sup}
             started: [{pid,<0.123.0>},
                       {name,writer},
                       {mfa,
                           {rabbit_writer,start_link,
                               [#Port<0.5782>,1,4096,
                                rabbit_framing_amqp_0_9_1,<0.122.0>]}},
                       {restart_type,intrinsic},
                       {shutdown,4294967295},
                       {child_type,worker}]

=PROGRESS REPORT==== 7-Dec-2013::13:15:17 ===
          supervisor: {local,master_sup}
             started: [{pid,<0.110.0>},
                       {name,master},
                       {mfargs,{master,start_link,[]}},
                       {restart_type,permanent},
                       {shutdown,10},
                       {child_type,worker}]

=PROGRESS REPORT==== 7-Dec-2013::13:15:17 ===
          supervisor: {<0.126.0>,amqp_connection_sup}
             started: [{pid,<0.127.0>},
                       {name,connection},
                       {mfa,
                           {amqp_gen_connection,start_link,
                               [amqp_network_connection,
                                {amqp_params_network,<<"extend104">>,
                                    <<"public">>,<<"/extend104">>,"localhost",
                                    5672,0,0,0,infinity,none,
                                    [#Fun<amqp_auth_mechanisms.plain.3>,
                                     #Fun<amqp_auth_mechanisms.amqplain.3>],
                                    [],[]},
                                #Fun<amqp_connection_sup.0.47801041>,
                                #Fun<amqp_connection_sup.2.47801041>,[]]}},
                       {restart_type,intrinsic},
                       {shutdown,brutal_kill},
                       {child_type,worker}]

=PROGRESS REPORT==== 7-Dec-2013::13:15:17 ===
          supervisor: {<0.126.0>,amqp_connection_sup}
             started: [{pid,<0.128.0>},
                       {name,channel_sup_sup},
                       {mfa,
                           {amqp_channel_sup_sup,start_link,
                               [network,<0.127.0>]}},
                       {restart_type,intrinsic},
                       {shutdown,infinity},
                       {child_type,supervisor}]

=PROGRESS REPORT==== 7-Dec-2013::13:15:17 ===
          supervisor: {<0.126.0>,amqp_connection_sup}
             started: [{pid,<0.129.0>},
                       {name,channels_manager},
                       {mfa,
                           {amqp_channels_manager,start_link,
                               [<0.127.0>,<0.128.0>]}},
                       {restart_type,transient},
                       {shutdown,4294967295},
                       {child_type,worker}]

=PROGRESS REPORT==== 7-Dec-2013::13:15:17 ===
          supervisor: {<0.130.0>,amqp_connection_type_sup}
             started: [{pid,<0.131.0>},
                       {name,writer},
                       {mfa,
                           {rabbit_writer,start_link,
                               [#Port<0.6130>,0,4096,
                                rabbit_framing_amqp_0_9_1,<0.127.0>]}},
                       {restart_type,transient},
                       {shutdown,4294967295},
                       {child_type,worker}]

=PROGRESS REPORT==== 7-Dec-2013::13:15:17 ===
          supervisor: {<0.130.0>,amqp_connection_type_sup}
             started: [{pid,<0.132.0>},
                       {name,main_reader},
                       {mfa,
                           {amqp_main_reader,start_link,
                               [#Port<0.6130>,<0.127.0>,<0.129.0>,
                                {method,rabbit_framing_amqp_0_9_1}]}},
                       {restart_type,transient},
                       {shutdown,4294967295},
                       {child_type,worker}]

=PROGRESS REPORT==== 7-Dec-2013::13:15:17 ===
          supervisor: {<0.126.0>,amqp_connection_sup}
             started: [{pid,<0.130.0>},
                       {name,connection_type_sup},
                       {mfa,
                           {amqp_connection_type_sup,start_link_network,
                               [#Port<0.6130>,<0.127.0>,<0.129.0>]}},
                       {restart_type,transient},
                       {shutdown,infinity},
                       {child_type,supervisor}]

=PROGRESS REPORT==== 7-Dec-2013::13:15:17 ===
          supervisor: {<0.130.0>,amqp_connection_type_sup}
             started: [{pid,<0.133.0>},
                       {name,heartbeat_sender},
                       {mfa,
                           {rabbit_heartbeat,start_heartbeat_sender,
                               [#Port<0.6130>,600,
                                #Fun<amqp_network_connection.1.21872369>]}},
                       {restart_type,transient},
                       {shutdown,4294967295},
                       {child_type,worker}]

=PROGRESS REPORT==== 7-Dec-2013::13:15:17 ===
          supervisor: {<0.130.0>,amqp_connection_type_sup}
             started: [{pid,<0.134.0>},
                       {name,heartbeat_receiver},
                       {mfa,
                           {rabbit_heartbeat,start_heartbeat_receiver,
                               [#Port<0.6130>,600,
                                #Fun<amqp_network_connection.2.21872369>]}},
                       {restart_type,transient},
                       {shutdown,4294967295},
                       {child_type,worker}]

=PROGRESS REPORT==== 7-Dec-2013::13:15:17 ===
          supervisor: {<0.135.0>,amqp_channel_sup}
             started: [{pid,<0.136.0>},
                       {name,gen_consumer},
                       {mfa,
                           {amqp_gen_consumer,start_link,
                               [amqp_selective_consumer,[]]}},
                       {restart_type,intrinsic},
                       {shutdown,4294967295},
                       {child_type,worker}]

=PROGRESS REPORT==== 7-Dec-2013::13:15:17 ===
          supervisor: {<0.135.0>,amqp_channel_sup}
             started: [{pid,<0.137.0>},
                       {name,channel},
                       {mfa,
                           {amqp_channel,start_link,
                               [network,<0.127.0>,1,<0.136.0>,
                                #Fun<amqp_channel_sup.1.69106353>]}},
                       {restart_type,intrinsic},
                       {shutdown,4294967295},
                       {child_type,worker}]

=PROGRESS REPORT==== 7-Dec-2013::13:15:17 ===
          supervisor: {<0.135.0>,amqp_channel_sup}
             started: [{pid,<0.138.0>},
                       {name,writer},
                       {mfa,
                           {rabbit_writer,start_link,
                               [#Port<0.6130>,1,4096,
                                rabbit_framing_amqp_0_9_1,<0.137.0>]}},
                       {restart_type,intrinsic},
                       {shutdown,4294967295},
                       {child_type,worker}]

=PROGRESS REPORT==== 7-Dec-2013::13:15:17 ===
          supervisor: {local,master_sup}
             started: [{pid,<0.125.0>},
                       {name,master_dist},
                       {mfargs,{master_dist,start_link,[]}},
                       {restart_type,permanent},
                       {shutdown,10},
                       {child_type,worker}]

=PROGRESS REPORT==== 7-Dec-2013::13:15:17 ===
          supervisor: {local,master_sup}
             started: [{pid,<0.141.0>},
                       {name,term},
                       {mfargs,{term,start_link,[]}},
                       {restart_type,permanent},
                       {shutdown,10},
                       {child_type,worker}]

=PROGRESS REPORT==== 7-Dec-2013::13:15:17 ===
         application: master
          started_at: 'master@hejintekiMacBook-Air'
