2013-12-07 01:12:06.685 [error] <0.110.0>@master:handle_info:68 get reply :{add,{node_id,"common",'extend104@hejintekiMacBook-Air'}}
2013-12-07 01:32:52.611 [error] <0.110.0>@master:handle_info:68 get reply :{add,{node_id,"common",'extend104@hejintekiMacBook-Air'}}
2013-12-07 01:35:56.792 [error] <0.141.0>@term:boot_load_step:57 begin to load station
2013-12-07 01:35:56.792 [error] <0.141.0>@term:boot_load_step:66 end with load station, loading station channel
2013-12-07 01:35:56.793 [error] <0.141.0>@term_station:load:21 finish term_station: 2 
2013-12-07 01:35:56.793 [error] <0.141.0>@term:boot_load_step:57 begin to load stake
2013-12-07 01:35:56.793 [error] <0.141.0>@term:boot_load_step:66 end with load stake, loading stake channel
2013-12-07 01:35:56.794 [error] <0.141.0>@term_stake:load:21 finish term_stake: 2 
2013-12-07 01:36:02.739 [error] <0.110.0>@master:handle_info:68 get reply :{add,{node_id,"common",'extend104@hejintekiMacBook-Air'}}
2013-12-07 11:00:44.946 [error] <0.110.0>@master:handle_info:68 get reply :{add,{node_id,"common",'extend104@hejintekiMacBook-Air'}}
2013-12-07 11:02:02.287 [error] <0.110.0>@master:handle_info:68 get reply :{add,{node_id,"common",'extend104@hejintekiMacBook-Air'}}
2013-12-07 11:43:27.087 [error] <0.110.0>@master:handle_info:68 get reply :{add,{node_id,"common",'extend104@hejintekiMacBook-Air'}}
2013-12-07 11:47:09.454 [error] <0.110.0>@master:handle_info:68 get reply :{add,{node_id,"common",'extend104@hejintekiMacBook-Air'}}
2013-12-07 11:51:09.806 [error] <0.110.0>@master:handle_info:68 get reply :{add,{node_id,"common",'extend104@hejintekiMacBook-Air'}}
2013-12-07 11:51:57.035 [error] <0.110.0>@master:handle_info:68 get reply :{add,{node_id,"common",'extend104@hejintekiMacBook-Air'}}
2013-12-07 11:52:09.800 [error] <0.110.0>@master:handle_info:68 get reply :{add,{node_id,"common",'extend104@hejintekiMacBook-Air'}}
2013-12-07 11:54:21.538 [error] <0.110.0>@master:handle_info:68 get reply :{add,{node_id,"common",'extend104@hejintekiMacBook-Air'}}
2013-12-07 11:54:26.373 [error] <0.110.0>@master:handle_info:68 get reply :{add,{node_id,"common",'extend104@hejintekiMacBook-Air'}}
2013-12-07 13:15:17.332 [error] <0.141.0>@term:boot_load_step:57 begin to load station
2013-12-07 13:15:17.332 [error] <0.141.0>@term:boot_load_step:66 end with load station, loading station channel
2013-12-07 13:15:17.351 [error] <0.141.0>@term_station:load:21 finish term_station: 2 
2013-12-07 13:15:17.351 [error] <0.141.0>@term:boot_load_step:57 begin to load stake
2013-12-07 13:15:17.351 [error] <0.141.0>@term:boot_load_step:66 end with load stake, loading stake channel
2013-12-07 13:15:17.353 [error] <0.141.0>@term_stake:load:21 finish term_stake: 2 
2013-12-07 13:16:25.316 [error] <0.110.0>@master:handle_info:68 get reply :{add,{node_id,"common",'extend104@hejintekiMacBook-Air'}}
2013-12-07 13:20:04.063 [error] <0.110.0>@master:handle_info:68 get reply :{add,{node_id,"common",'extend104@hejintekiMacBook-Air'}}
2013-12-07 13:23:12.740 [error] <0.110.0>@master:handle_info:68 get reply :{add,{node_id,"common",'extend104@hejintekiMacBook-Air'}}
2013-12-07 13:30:19.225 [error] <0.110.0>@master:handle_info:68 get reply :{add,{node_id,"common",'extend104@hejintekiMacBook-Air'}}
2013-12-07 13:58:12.355 [error] <0.110.0>@master:handle_info:68 get reply :{add,{node_id,"common",'extend104@hejintekiMacBook-Air'}}
2013-12-07 17:10:35.744 [error] <0.110.0>@master:handle_info:68 get reply :{add,{node_id,"common",'extend104@hejintekiMacBook-Air'}}
2013-12-07 17:15:09.889 [error] <0.110.0>@master:handle_info:68 get reply :{add,{node_id,"common",'node1@hejintekiMacBook-Air'}}
2013-12-07 17:15:30.821 [error] <0.110.0>@master:handle_info:68 get reply :{add,{node_id,"common",'node2@hejintekiMacBook-Air'}}
